Started by user admin
Building in workspace /home/ubuntu/.jenkins/jobs/C5-carbon-kernel-rule-validation/workspace
Wiping out workspace first.
Cloning the remote Git repository
Cloning repository https://github.com/wso2/carbon-kernel.git
Fetching upstream changes from https://github.com/wso2/carbon-kernel.git
using .gitcredentials to set credentials
Fetching upstream changes from https://github.com/wso2/carbon-kernel.git
using .gitcredentials to set credentials
Checking out Revision 85cb259b616d4405c498ab4607ba7e33bda3ec5a (origin/release-m3)
[workspace] $ /bin/sh -xe /tmp/hudson3489061354509387003.sh
+ mvn rule:checkall
[INFO] Scanning for projects...
[INFO] ------------------------------------------------------------------------
[INFO] Reactor Build Order:
[INFO] 
[INFO] WSO2 Carbon Kernel - Parent Pom
[INFO] WSO2 Carbon Kernel - Dependent Projects
[INFO] WSO2 Carbon Kernel - Maven P2 Profile Gen Plugin
[INFO] WSO2 Carbon Kernel - Launcher
[INFO] WSO2 Carbon Kernel - Configuration and Context Model
[INFO] WSO2 Carbon Kernel - Server Configuration
[INFO] WSO2 Carbon Kernel - Utils
[INFO] WSO2 Carbon Kernel - Deployment Engine
[INFO] WSO2 Carbon Kernel - Samples / Hello World Bundle
[INFO] WSO2 Carbon Kernel - Samples / Webapp Bundle
[INFO] WSO2 Carbon Kernel - Runtime Manager
[INFO] WSO2 Carbon Kernel - Clustering
[INFO] WSO2 Carbon Kernel - Transport
[INFO] WSO2 Carbon Kernel - Extensions
[INFO] WSO2 Carbon Kernel - Features Parent
[INFO] WSO2 Carbon Kernel - Carbon Server Feature
[INFO] WSO2 Carbon Kernel - Carbon Runtime Feature
[INFO] WSO2 Carbon Kernel - Distribution
[INFO]                                                                         
[INFO] ------------------------------------------------------------------------
[INFO] Building WSO2 Carbon Kernel - Parent Pom 5.0.0-SNAPSHOT
[INFO] ------------------------------------------------------------------------
[INFO] 
[INFO] --- rule-maven-plugin:1.0.0:checkall (default-cli) @ carbon ---
[info] =================================================================================
[info] BEGIN RULE CHECK FOR : WSO2 Carbon Kernel - Parent Pom
[info] =================================================================================
log4j:WARN No appenders could be found for logger (org.apache.axis2.deployment.FileSystemConfigurator).
log4j:WARN Please initialize the log4j system properly.
[info] Rule Name : Ban Conflicting Dependencies, Status : PASSED
[info] Rule Name : Ban Dependency Management in child pom, Status : PASSED
[info] Rule Name : Ban Dependency Version in child pom, Status : PASSED
[info] Rule Name : Ban Distribution Management in child pom, Status : PASSED
[info] Rule Name : Ban DynamicImport-Package header, Status : PASSED
[info] Rule Name : Ban Export-Packages without version, Status : PASSED
[info] Rule Name : Ban Import-Packages without version range, Status : PASSED
[info] Rule Name : Ban plugin repositories in child pom, Status : PASSED
[info] Rule Name : Ban repositories in child pom, Status : PASSED
[info] Rule Name : Ban Require-Bundle header, Status : PASSED
[info] Rule Name : Ban resolution optional Import-Packages, Status : PASSED
[info] Rule Name : Ban Transitive Dependencies, Status : PASSED
[INFO] Skipping pom project
[info] Rule Name : Ban Unused Dependencies, Status : PASSED
[info] Rule Name : Enforce Dependency Management in parent pom, Status : PASSED
[info] =================================================================================
[info] END RULE CHECK FOR : WSO2 Carbon Kernel - Parent Pom
[info] =================================================================================
[INFO]                                                                         
[INFO] ------------------------------------------------------------------------
[INFO] Building WSO2 Carbon Kernel - Dependent Projects 5.0.0-SNAPSHOT
[INFO] ------------------------------------------------------------------------
[INFO] 
[INFO] --- rule-maven-plugin:1.0.0:checkall (default-cli) @ carbon-kernel-dependents ---
[info] =================================================================================
[info] BEGIN RULE CHECK FOR : WSO2 Carbon Kernel - Dependent Projects
[info] =================================================================================
[info] Rule Name : Ban Conflicting Dependencies, Status : PASSED
[info] Rule Name : Ban Dependency Management in child pom, Status : PASSED
[info] Rule Name : Ban Dependency Version in child pom, Status : PASSED
[info] Rule Name : Ban Distribution Management in child pom, Status : PASSED
[info] Rule Name : Ban DynamicImport-Package header, Status : PASSED
[info] Rule Name : Ban Export-Packages without version, Status : PASSED
[info] Rule Name : Ban Import-Packages without version range, Status : PASSED
[info] Rule Name : Ban plugin repositories in child pom, Status : PASSED
[info] Rule Name : Ban repositories in child pom, Status : PASSED
[info] Rule Name : Ban Require-Bundle header, Status : PASSED
[info] Rule Name : Ban resolution optional Import-Packages, Status : PASSED
[info] Rule Name : Ban Transitive Dependencies, Status : PASSED
[INFO] Skipping pom project
[info] Rule Name : Ban Unused Dependencies, Status : PASSED
[info] Rule Name : Enforce Dependency Management in parent pom, Status : PASSED
[info] =================================================================================
[info] END RULE CHECK FOR : WSO2 Carbon Kernel - Dependent Projects
[info] =================================================================================
[INFO]                                                                         
[INFO] ------------------------------------------------------------------------
[INFO] Building WSO2 Carbon Kernel - Maven P2 Profile Gen Plugin 1.5.4-SNAPSHOT
[INFO] ------------------------------------------------------------------------
[INFO] 
[INFO] --- rule-maven-plugin:1.0.0:checkall (default-cli) @ carbon-p2-plugin ---
[info] =================================================================================
[info] BEGIN RULE CHECK FOR : WSO2 Carbon Kernel - Maven P2 Profile Gen Plugin
[info] =================================================================================
[ERROR] 
Dependency convergence error for org.apache.maven:maven-model-builder:3.2.1 paths to dependency are:
+-org.wso2.maven:carbon-p2-plugin:1.5.4-SNAPSHOT
  +-org.apache.maven:maven-core:3.2.1
    +-org.apache.maven:maven-model-builder:3.2.1
and
+-org.wso2.maven:carbon-p2-plugin:1.5.4-SNAPSHOT
  +-org.apache.maven:maven-core:3.2.1
    +-org.apache.maven:maven-aether-provider:3.2.1
      +-org.apache.maven:maven-model-builder:3.2.1
and
+-org.wso2.maven:carbon-p2-plugin:1.5.4-SNAPSHOT
  +-org.apache.maven:maven-compat:3.0
    +-org.apache.maven:maven-model-builder:3.0

[ERROR] 
Dependency convergence error for org.codehaus.plexus:plexus-interpolation:1.19 paths to dependency are:
+-org.wso2.maven:carbon-p2-plugin:1.5.4-SNAPSHOT
  +-org.apache.maven:maven-core:3.2.1
    +-org.apache.maven:maven-settings-builder:3.2.1
      +-org.codehaus.plexus:plexus-interpolation:1.19
and
+-org.wso2.maven:carbon-p2-plugin:1.5.4-SNAPSHOT
  +-org.apache.maven:maven-core:3.2.1
    +-org.apache.maven:maven-model-builder:3.2.1
      +-org.codehaus.plexus:plexus-interpolation:1.19
and
+-org.wso2.maven:carbon-p2-plugin:1.5.4-SNAPSHOT
  +-org.apache.maven:maven-core:3.2.1
    +-org.codehaus.plexus:plexus-interpolation:1.19
and
+-org.wso2.maven:carbon-p2-plugin:1.5.4-SNAPSHOT
  +-org.apache.maven:maven-compat:3.0
    +-org.codehaus.plexus:plexus-interpolation:1.14

[ERROR] 
Dependency convergence error for org.sonatype.sisu:sisu-guice:3.1.0 paths to dependency are:
+-org.wso2.maven:carbon-p2-plugin:1.5.4-SNAPSHOT
  +-org.apache.maven:maven-plugin-api:3.2.1
    +-org.eclipse.sisu:org.eclipse.sisu.plexus:0.0.0.M5
      +-org.sonatype.sisu:sisu-guice:3.1.0
and
+-org.wso2.maven:carbon-p2-plugin:1.5.4-SNAPSHOT
  +-org.apache.maven:maven-compat:3.0
    +-org.sonatype.sisu:sisu-inject-plexus:1.4.2
      +-org.sonatype.sisu:sisu-inject-bean:1.4.2
        +-org.sonatype.sisu:sisu-guice:2.1.7

[ERROR] 
Dependency convergence error for org.codehaus.plexus:plexus-component-annotations:1.5.5 paths to dependency are:
+-org.wso2.maven:carbon-p2-plugin:1.5.4-SNAPSHOT
  +-org.apache.maven:maven-plugin-api:3.2.1
    +-org.eclipse.sisu:org.eclipse.sisu.plexus:0.0.0.M5
      +-org.codehaus.plexus:plexus-component-annotations:1.5.5
and
+-org.wso2.maven:carbon-p2-plugin:1.5.4-SNAPSHOT
  +-org.apache.maven:maven-core:3.2.1
    +-org.apache.maven:maven-settings-builder:3.2.1
      +-org.codehaus.plexus:plexus-component-annotations:1.5.5
and
+-org.wso2.maven:carbon-p2-plugin:1.5.4-SNAPSHOT
  +-org.apache.maven:maven-core:3.2.1
    +-org.apache.maven:maven-model-builder:3.2.1
      +-org.codehaus.plexus:plexus-component-annotations:1.5.5
and
+-org.wso2.maven:carbon-p2-plugin:1.5.4-SNAPSHOT
  +-org.apache.maven:maven-core:3.2.1
    +-org.apache.maven:maven-aether-provider:3.2.1
      +-org.codehaus.plexus:plexus-component-annotations:1.5.5
and
+-org.wso2.maven:carbon-p2-plugin:1.5.4-SNAPSHOT
  +-org.apache.maven:maven-core:3.2.1
    +-org.codehaus.plexus:plexus-component-annotations:1.5.5
and
+-org.wso2.maven:carbon-p2-plugin:1.5.4-SNAPSHOT
  +-org.apache.maven:maven-compat:3.0
    +-org.sonatype.sisu:sisu-inject-plexus:1.4.2
      +-org.codehaus.plexus:plexus-component-annotations:1.5.4
and
+-org.wso2.maven:carbon-p2-plugin:1.5.4-SNAPSHOT
  +-org.apache.maven:maven-compat:3.0
    +-org.codehaus.plexus:plexus-component-annotations:1.5.5
and
+-org.wso2.maven:carbon-p2-plugin:1.5.4-SNAPSHOT
  +-org.eclipse.tycho:tycho-p2-facade:0.13.0
    +-org.codehaus.plexus:plexus-component-annotations:1.5.5
and
+-org.wso2.maven:carbon-p2-plugin:1.5.4-SNAPSHOT
  +-org.eclipse.tycho:tycho-p2-facade:0.13.0
    +-org.eclipse.tycho:tycho-equinox:0.13.0
      +-org.codehaus.plexus:plexus-component-annotations:1.5.5

[ERROR] 
Dependency convergence error for org.apache.maven:maven-settings:3.2.1 paths to dependency are:
+-org.wso2.maven:carbon-p2-plugin:1.5.4-SNAPSHOT
  +-org.apache.maven:maven-core:3.2.1
    +-org.apache.maven:maven-settings:3.2.1
and
+-org.wso2.maven:carbon-p2-plugin:1.5.4-SNAPSHOT
  +-org.apache.maven:maven-core:3.2.1
    +-org.apache.maven:maven-settings-builder:3.2.1
      +-org.apache.maven:maven-settings:3.2.1
and
+-org.wso2.maven:carbon-p2-plugin:1.5.4-SNAPSHOT
  +-org.apache.maven:maven-compat:3.0
    +-org.apache.maven:maven-settings:3.0

[ERROR] 
Dependency convergence error for org.codehaus.plexus:plexus-classworlds:2.4 paths to dependency are:
+-org.wso2.maven:carbon-p2-plugin:1.5.4-SNAPSHOT
  +-org.apache.maven:maven-plugin-api:3.2.1
    +-org.eclipse.sisu:org.eclipse.sisu.plexus:0.0.0.M5
      +-org.codehaus.plexus:plexus-classworlds:2.4
and
+-org.wso2.maven:carbon-p2-plugin:1.5.4-SNAPSHOT
  +-org.apache.maven:maven-core:3.2.1
    +-org.codehaus.plexus:plexus-classworlds:2.5.1
and
+-org.wso2.maven:carbon-p2-plugin:1.5.4-SNAPSHOT
  +-org.apache.maven:maven-compat:3.0
    +-org.sonatype.sisu:sisu-inject-plexus:1.4.2
      +-org.codehaus.plexus:plexus-classworlds:2.2.3

[WARNING] Rule 0: org.apache.maven.plugins.enforcer.DependencyConvergence failed with message:
Failed while enforcing releasability the error(s) are [
Dependency convergence error for org.apache.maven:maven-model-builder:3.2.1 paths to dependency are:
+-org.wso2.maven:carbon-p2-plugin:1.5.4-SNAPSHOT
  +-org.apache.maven:maven-core:3.2.1
    +-org.apache.maven:maven-model-builder:3.2.1
and
+-org.wso2.maven:carbon-p2-plugin:1.5.4-SNAPSHOT
  +-org.apache.maven:maven-core:3.2.1
    +-org.apache.maven:maven-aether-provider:3.2.1
      +-org.apache.maven:maven-model-builder:3.2.1
and
+-org.wso2.maven:carbon-p2-plugin:1.5.4-SNAPSHOT
  +-org.apache.maven:maven-compat:3.0
    +-org.apache.maven:maven-model-builder:3.0
, 
Dependency convergence error for org.codehaus.plexus:plexus-interpolation:1.19 paths to dependency are:
+-org.wso2.maven:carbon-p2-plugin:1.5.4-SNAPSHOT
  +-org.apache.maven:maven-core:3.2.1
    +-org.apache.maven:maven-settings-builder:3.2.1
      +-org.codehaus.plexus:plexus-interpolation:1.19
and
+-org.wso2.maven:carbon-p2-plugin:1.5.4-SNAPSHOT
  +-org.apache.maven:maven-core:3.2.1
    +-org.apache.maven:maven-model-builder:3.2.1
      +-org.codehaus.plexus:plexus-interpolation:1.19
and
+-org.wso2.maven:carbon-p2-plugin:1.5.4-SNAPSHOT
  +-org.apache.maven:maven-core:3.2.1
    +-org.codehaus.plexus:plexus-interpolation:1.19
and
+-org.wso2.maven:carbon-p2-plugin:1.5.4-SNAPSHOT
  +-org.apache.maven:maven-compat:3.0
    +-org.codehaus.plexus:plexus-interpolation:1.14
, 
Dependency convergence error for org.sonatype.sisu:sisu-guice:3.1.0 paths to dependency are:
+-org.wso2.maven:carbon-p2-plugin:1.5.4-SNAPSHOT
  +-org.apache.maven:maven-plugin-api:3.2.1
    +-org.eclipse.sisu:org.eclipse.sisu.plexus:0.0.0.M5
      +-org.sonatype.sisu:sisu-guice:3.1.0
and
+-org.wso2.maven:carbon-p2-plugin:1.5.4-SNAPSHOT
  +-org.apache.maven:maven-compat:3.0
    +-org.sonatype.sisu:sisu-inject-plexus:1.4.2
      +-org.sonatype.sisu:sisu-inject-bean:1.4.2
        +-org.sonatype.sisu:sisu-guice:2.1.7
, 
Dependency convergence error for org.codehaus.plexus:plexus-component-annotations:1.5.5 paths to dependency are:
+-org.wso2.maven:carbon-p2-plugin:1.5.4-SNAPSHOT
  +-org.apache.maven:maven-plugin-api:3.2.1
    +-org.eclipse.sisu:org.eclipse.sisu.plexus:0.0.0.M5
      +-org.codehaus.plexus:plexus-component-annotations:1.5.5
and
+-org.wso2.maven:carbon-p2-plugin:1.5.4-SNAPSHOT
  +-org.apache.maven:maven-core:3.2.1
    +-org.apache.maven:maven-settings-builder:3.2.1
      +-org.codehaus.plexus:plexus-component-annotations:1.5.5
and
+-org.wso2.maven:carbon-p2-plugin:1.5.4-SNAPSHOT
  +-org.apache.maven:maven-core:3.2.1
    +-org.apache.maven:maven-model-builder:3.2.1
      +-org.codehaus.plexus:plexus-component-annotations:1.5.5
and
+-org.wso2.maven:carbon-p2-plugin:1.5.4-SNAPSHOT
  +-org.apache.maven:maven-core:3.2.1
    +-org.apache.maven:maven-aether-provider:3.2.1
      +-org.codehaus.plexus:plexus-component-annotations:1.5.5
and
+-org.wso2.maven:carbon-p2-plugin:1.5.4-SNAPSHOT
  +-org.apache.maven:maven-core:3.2.1
    +-org.codehaus.plexus:plexus-component-annotations:1.5.5
and
+-org.wso2.maven:carbon-p2-plugin:1.5.4-SNAPSHOT
  +-org.apache.maven:maven-compat:3.0
    +-org.sonatype.sisu:sisu-inject-plexus:1.4.2
      +-org.codehaus.plexus:plexus-component-annotations:1.5.4
and
+-org.wso2.maven:carbon-p2-plugin:1.5.4-SNAPSHOT
  +-org.apache.maven:maven-compat:3.0
    +-org.codehaus.plexus:plexus-component-annotations:1.5.5
and
+-org.wso2.maven:carbon-p2-plugin:1.5.4-SNAPSHOT
  +-org.eclipse.tycho:tycho-p2-facade:0.13.0
    +-org.codehaus.plexus:plexus-component-annotations:1.5.5
and
+-org.wso2.maven:carbon-p2-plugin:1.5.4-SNAPSHOT
  +-org.eclipse.tycho:tycho-p2-facade:0.13.0
    +-org.eclipse.tycho:tycho-equinox:0.13.0
      +-org.codehaus.plexus:plexus-component-annotations:1.5.5
, 
Dependency convergence error for org.apache.maven:maven-settings:3.2.1 paths to dependency are:
+-org.wso2.maven:carbon-p2-plugin:1.5.4-SNAPSHOT
  +-org.apache.maven:maven-core:3.2.1
    +-org.apache.maven:maven-settings:3.2.1
and
+-org.wso2.maven:carbon-p2-plugin:1.5.4-SNAPSHOT
  +-org.apache.maven:maven-core:3.2.1
    +-org.apache.maven:maven-settings-builder:3.2.1
      +-org.apache.maven:maven-settings:3.2.1
and
+-org.wso2.maven:carbon-p2-plugin:1.5.4-SNAPSHOT
  +-org.apache.maven:maven-compat:3.0
    +-org.apache.maven:maven-settings:3.0
, 
Dependency convergence error for org.codehaus.plexus:plexus-classworlds:2.4 paths to dependency are:
+-org.wso2.maven:carbon-p2-plugin:1.5.4-SNAPSHOT
  +-org.apache.maven:maven-plugin-api:3.2.1
    +-org.eclipse.sisu:org.eclipse.sisu.plexus:0.0.0.M5
      +-org.codehaus.plexus:plexus-classworlds:2.4
and
+-org.wso2.maven:carbon-p2-plugin:1.5.4-SNAPSHOT
  +-org.apache.maven:maven-core:3.2.1
    +-org.codehaus.plexus:plexus-classworlds:2.5.1
and
+-org.wso2.maven:carbon-p2-plugin:1.5.4-SNAPSHOT
  +-org.apache.maven:maven-compat:3.0
    +-org.sonatype.sisu:sisu-inject-plexus:1.4.2
      +-org.codehaus.plexus:plexus-classworlds:2.2.3
]
[info] Rule Name : Ban Conflicting Dependencies, Status : FAILED
[info] Rule Name : Ban Dependency Management in child pom, Status : PASSED
[info] Rule Name : Ban Dependency Version in child pom, Status : PASSED
[info] Rule Name : Ban Distribution Management in child pom, Status : PASSED
[info] Rule Name : Ban DynamicImport-Package header, Status : PASSED
[info] Rule Name : Ban Export-Packages without version, Status : PASSED
[info] Rule Name : Ban Import-Packages without version range, Status : PASSED
[info] Rule Name : Ban plugin repositories in child pom, Status : PASSED
[info] Rule Name : Ban repositories in child pom, Status : PASSED
[info] Rule Name : Ban Require-Bundle header, Status : PASSED
[info] Rule Name : Ban resolution optional Import-Packages, Status : PASSED
[WARNING] Rule 0: org.apache.maven.plugins.enforcer.BanTransitiveDependencies failed with message:
org.wso2.maven:carbon-p2-plugin:maven-plugin:1.5.4-SNAPSHOT
   org.apache.maven:maven-plugin-api:jar:3.2.1:compile has transitive dependencies:
      org.eclipse.sisu:org.eclipse.sisu.plexus:jar:0.0.0.M5:compile
         javax.enterprise:cdi-api:jar:1.0:compile
            javax.annotation:jsr250-api:jar:1.0:compile
            javax.inject:javax.inject:jar:1:compile
         com.google.guava:guava:jar:10.0.1:compile
            com.google.code.findbugs:jsr305:jar:1.3.9:compile
         org.sonatype.sisu:sisu-guice:jar:no_aop:3.1.0:compile
            aopalliance:aopalliance:jar:1.0:compile
         org.eclipse.sisu:org.eclipse.sisu.inject:jar:0.0.0.M5:compile
   org.apache.maven:maven-core:jar:3.2.1:compile has transitive dependencies:
      org.apache.maven:maven-settings:jar:3.2.1:compile
      org.apache.maven:maven-settings-builder:jar:3.2.1:compile
      org.apache.maven:maven-repository-metadata:jar:3.2.1:compile
      org.apache.maven:maven-model-builder:jar:3.2.1:compile
      org.apache.maven:maven-aether-provider:jar:3.2.1:compile
         org.eclipse.aether:aether-spi:jar:0.9.0.M2:compile
      org.eclipse.aether:aether-impl:jar:0.9.0.M2:compile
      org.eclipse.aether:aether-api:jar:0.9.0.M2:compile
      org.eclipse.aether:aether-util:jar:0.9.0.M2:compile
      org.codehaus.plexus:plexus-interpolation:jar:1.19:compile
      org.codehaus.plexus:plexus-classworlds:jar:2.5.1:compile
      org.codehaus.plexus:plexus-component-annotations:jar:1.5.5:compile
      org.sonatype.plexus:plexus-sec-dispatcher:jar:1.3:compile
         org.sonatype.plexus:plexus-cipher:jar:1.4:compile
   org.apache.maven:maven-compat:jar:3.0:compile has transitive dependencies:
      org.sonatype.sisu:sisu-inject-plexus:jar:1.4.2:compile
         org.sonatype.sisu:sisu-inject-bean:jar:1.4.2:compile
            org.sonatype.sisu:sisu-guice:jar:noaop:2.1.7:compile
      org.apache.maven.wagon:wagon-provider-api:jar:1.0-beta-6:compile
   org.eclipse.tycho:tycho-p2-facade:jar:0.13.0:compile has transitive dependencies:
      org.eclipse.tycho:org.eclipse.osgi:jar:3.8.0.v20110726-1606:compile
      org.eclipse.tycho:tycho-core:jar:0.13.0:compile
         org.eclipse.tycho:tycho-embedder-api:jar:0.13.0:compile
      org.eclipse.tycho:tycho-equinox:jar:0.13.0:compile
         org.eclipse.tycho:tycho-equinox-api:jar:0.13.0:compile
      org.eclipse.tycho:tycho-equinox-launching:jar:0.13.0:compile
      org.eclipse.tycho:org.eclipse.tycho.p2.resolver.facade:jar:0.13.0:compile
      org.eclipse.tycho:org.eclipse.tycho.p2.tools.facade:jar:0.13.0:compile
   org.eclipse.tycho:tycho-metadata-model:jar:0.13.0:compile has transitive dependencies:
      de.pdark:decentxml:jar:1.3:compile
   org.codehaus.plexus:plexus-archiver:jar:1.2:compile has transitive dependencies:
      org.codehaus.plexus:plexus-container-default:jar:1.0-alpha-9-stable-1:compile
         junit:junit:jar:3.8.1:compile
         classworlds:classworlds:jar:1.1-alpha-2:compile
      org.codehaus.plexus:plexus-io:jar:1.0.1:compile

[info] Rule Name : Ban Transitive Dependencies, Status : FAILED
[INFO] Skipping project with no build directory
[info] Rule Name : Ban Unused Dependencies, Status : PASSED
[info] Rule Name : Enforce Dependency Management in parent pom, Status : PASSED
[info] Unable to execute mojo
[info] ======================================================
[info] Unable to execute mojo
[info] ======================================================
[info] =================================================================================
[info] END RULE CHECK FOR : WSO2 Carbon Kernel - Maven P2 Profile Gen Plugin
[info] =================================================================================
[info] =================================================================================
[info] RULE EXECUTION STATS
[info] =================================================================================
[info] Total Rule Count : 15
[info] Executed Rule Count : 14
[info] Inactive Rule Count : 0
[info] Excluded Rule Count : 0
[info] Maven Version Incompatible Count : 0
[info] Skipped Explicit Rule Count : 1
[INFO] ------------------------------------------------------------------------
[INFO] Reactor Summary:
[INFO] 
[INFO] WSO2 Carbon Kernel - Parent Pom ................... SUCCESS [6.271s]
[INFO] WSO2 Carbon Kernel - Dependent Projects ........... SUCCESS [1.654s]
[INFO] WSO2 Carbon Kernel - Maven P2 Profile Gen Plugin .. FAILURE [2.172s]
[INFO] WSO2 Carbon Kernel - Launcher ..................... SKIPPED
[INFO] WSO2 Carbon Kernel - Configuration and Context Model  SKIPPED
[INFO] WSO2 Carbon Kernel - Server Configuration ......... SKIPPED
[INFO] WSO2 Carbon Kernel - Utils ........................ SKIPPED
[INFO] WSO2 Carbon Kernel - Deployment Engine ............ SKIPPED
[INFO] WSO2 Carbon Kernel - Samples / Hello World Bundle . SKIPPED
[INFO] WSO2 Carbon Kernel - Samples / Webapp Bundle ...... SKIPPED
[INFO] WSO2 Carbon Kernel - Runtime Manager .............. SKIPPED
[INFO] WSO2 Carbon Kernel - Clustering ................... SKIPPED
[INFO] WSO2 Carbon Kernel - Transport .................... SKIPPED
[INFO] WSO2 Carbon Kernel - Extensions ................... SKIPPED
[INFO] WSO2 Carbon Kernel - Features Parent .............. SKIPPED
[INFO] WSO2 Carbon Kernel - Carbon Server Feature ........ SKIPPED
[INFO] WSO2 Carbon Kernel - Carbon Runtime Feature ....... SKIPPED
[INFO] WSO2 Carbon Kernel - Distribution ................. SKIPPED
[INFO] ------------------------------------------------------------------------
[INFO] BUILD FAILURE
[INFO] ------------------------------------------------------------------------
[INFO] Total time: 12.058s
[INFO] Finished at: Mon Mar 31 04:17:41 UTC 2014
[INFO] Final Memory: 27M/404M
[INFO] ------------------------------------------------------------------------
[ERROR] Failed to execute goal com.wso2.build:rule-maven-plugin:1.0.0:checkall (default-cli) on project carbon-p2-plugin: Rule failure detected -> [Help 1]
[ERROR] 
[ERROR] To see the full stack trace of the errors, re-run Maven with the -e switch.
[ERROR] Re-run Maven using the -X switch to enable full debug logging.
[ERROR] 
[ERROR] For more information about the errors and possible solutions, please read the following articles:
[ERROR] [Help 1] http://cwiki.apache.org/confluence/display/MAVEN/MojoExecutionException
[ERROR] 
[ERROR] After correcting the problems, you can resume the build with the command
[ERROR]   mvn <goals> -rf :carbon-p2-plugin
Build step 'Execute shell' marked build as failure
Finished: FAILURE
